2022-11-07 13:45:03,051 [INFO] Activator:177 - 


2022-11-07 13:45:03,051 [INFO] Activator:178 - !SESSION log4j initialized
2022-11-07 13:45:32,564 [ERROR] LogOutputStream:74 - [STDERR_REDIRECT] SLF4J: Failed to load class "org.slf4j.impl.StaticLoggerBinder".
2022-11-07 13:45:32,564 [ERROR] LogOutputStream:74 - [STDERR_REDIRECT] SLF4J: Defaulting to no-operation (NOP) logger implementation
2022-11-07 13:45:32,564 [ERROR] LogOutputStream:74 - [STDERR_REDIRECT] SLF4J: See http://www.slf4j.org/codes.html#StaticLoggerBinder for further details.
2022-11-07 13:57:02,042 [INFO] McuFinderGlobals:44 - Set McuFinder mode to 2 (CubeIDE integrated)
2022-11-07 13:57:05,135 [INFO] ApplicationProperties:181 - Using Application install path: D:\ST\STM32CubeIDE_1.10.1\STM32CubeIDE\plugins\com.st.stm32cube.common.mx_6.6.1.202207061420
2022-11-07 13:57:05,185 [INFO] DbMcusXml:77 - Set database path to: D:\ST\STM32CubeIDE_1.10.1\STM32CubeIDE\plugins\com.st.stm32cube.common.mx_6.6.1.202207061420\\db\/mcu/
2022-11-07 13:57:05,185 [INFO] ApiDb:269 - Set plugin database path to: D:\ST\STM32CubeIDE_1.10.1\STM32CubeIDE\plugins\com.st.stm32cube.common.mx_6.6.1.202207061420\\db\/plugins/boardmanager/
2022-11-07 13:57:05,185 [WARN] ApiDb:254 - Overriding images path with different value:  => D:\ST\STM32CubeIDE_1.10.1\STM32CubeIDE\plugins\com.st.stm32cube.common.mx_6.6.1.202207061420\\db\/plugins/mcufinder/images/
2022-11-07 13:57:05,262 [INFO] ApiDb:249 - Set database path to: C:\Users\Giuseppe\.stmcufinder\plugins\mcufinder//mcu/
2022-11-07 13:57:05,262 [INFO] DbMcusAds:124 - Set database path to: C:\Users\Giuseppe\.stmcufinder\plugins\mcufinder//mcu/
2022-11-07 13:57:05,272 [INFO] CrossReferenceDbSqlite:201 - Set database path to: C:\Users\Giuseppe\.stmcufinder\plugins\mcufinder//mcu/cs/
2022-11-07 13:57:05,464 [INFO] RulesReader:61 - Compatibility file has been processed (282 Rules)
2022-11-07 13:57:05,702 [INFO] DbMcusXml:77 - Set database path to: D:\ST\STM32CubeIDE_1.10.1\STM32CubeIDE\plugins\com.st.stm32cube.common.mx_6.6.1.202207061420\\db\/mcu/
2022-11-07 13:57:05,702 [INFO] ApiDb:269 - Set plugin database path to: D:\ST\STM32CubeIDE_1.10.1\STM32CubeIDE\plugins\com.st.stm32cube.common.mx_6.6.1.202207061420\\db\/plugins/boardmanager/
2022-11-07 13:57:05,702 [INFO] ApiDb:256 - Set plugin images path to: D:\ST\STM32CubeIDE_1.10.1\STM32CubeIDE\plugins\com.st.stm32cube.common.mx_6.6.1.202207061420\\db\/plugins/mcufinder/images/
2022-11-07 13:57:05,702 [WARN] DbFile:40 - Overriding database path with different value: C:\Users\Giuseppe\.stmcufinder\plugins\mcufinder/ => C:\Users\Giuseppe\.stmcufinder\plugins\mcufinder
2022-11-07 13:57:05,702 [INFO] ApiDb:249 - Set database path to: C:\Users\Giuseppe\.stmcufinder\plugins\mcufinder//mcu/
2022-11-07 13:57:05,702 [WARN] DbFile:40 - Overriding database path with different value: C:\Users\Giuseppe\.stmcufinder\plugins\mcufinder/ => C:\Users\Giuseppe\.stmcufinder\plugins\mcufinder
2022-11-07 13:57:05,702 [INFO] DbMcusAds:124 - Set database path to: C:\Users\Giuseppe\.stmcufinder\plugins\mcufinder//mcu/
2022-11-07 13:57:05,702 [WARN] DbFile:40 - Overriding database path with different value: C:\Users\Giuseppe\.stmcufinder\plugins\mcufinder/ => C:\Users\Giuseppe\.stmcufinder\plugins\mcufinder
2022-11-07 13:57:05,702 [WARN] DbFile:40 - Overriding database path with different value: C:\Users\Giuseppe\.stmcufinder\plugins\mcufinder/ => C:\Users\Giuseppe\.stmcufinder\plugins\mcufinder
2022-11-07 13:57:05,712 [INFO] CrossReferenceDbSqlite:201 - Set database path to: C:\Users\Giuseppe\.stmcufinder\plugins\mcufinder//mcu/cs/
2022-11-07 13:57:05,922 [INFO] MainPanel:242 - HeapMemory: 601882624
2022-11-07 13:57:06,185 [INFO] DbMcusXml:77 - Set database path to: D:\ST\STM32CubeIDE_1.10.1\STM32CubeIDE\plugins\com.st.stm32cube.common.mx_6.6.1.202207061420\\db\/mcu/
2022-11-07 13:57:06,185 [INFO] ApiDb:269 - Set plugin database path to: D:\ST\STM32CubeIDE_1.10.1\STM32CubeIDE\plugins\com.st.stm32cube.common.mx_6.6.1.202207061420\\db\/plugins/boardmanager/
2022-11-07 13:57:06,185 [INFO] ApiDb:256 - Set plugin images path to: D:\ST\STM32CubeIDE_1.10.1\STM32CubeIDE\plugins\com.st.stm32cube.common.mx_6.6.1.202207061420\\db\/plugins/mcufinder/images/
2022-11-07 13:57:06,185 [WARN] DbFile:40 - Overriding database path with different value: C:\Users\Giuseppe\.stmcufinder\plugins\mcufinder/ => C:\Users\Giuseppe\.stmcufinder\plugins\mcufinder
2022-11-07 13:57:06,185 [INFO] ApiDb:249 - Set database path to: C:\Users\Giuseppe\.stmcufinder\plugins\mcufinder//mcu/
2022-11-07 13:57:06,185 [WARN] DbFile:40 - Overriding database path with different value: C:\Users\Giuseppe\.stmcufinder\plugins\mcufinder/ => C:\Users\Giuseppe\.stmcufinder\plugins\mcufinder
2022-11-07 13:57:06,185 [INFO] DbMcusAds:124 - Set database path to: C:\Users\Giuseppe\.stmcufinder\plugins\mcufinder//mcu/
2022-11-07 13:57:06,185 [WARN] DbFile:40 - Overriding database path with different value: C:\Users\Giuseppe\.stmcufinder\plugins\mcufinder/ => C:\Users\Giuseppe\.stmcufinder\plugins\mcufinder
2022-11-07 13:57:06,185 [WARN] DbFile:40 - Overriding database path with different value: C:\Users\Giuseppe\.stmcufinder\plugins\mcufinder/ => C:\Users\Giuseppe\.stmcufinder\plugins\mcufinder
2022-11-07 13:57:06,185 [INFO] CrossReferenceDbSqlite:201 - Set database path to: C:\Users\Giuseppe\.stmcufinder\plugins\mcufinder//mcu/cs/
2022-11-07 13:57:06,224 [INFO] ApplicationProperties:181 - Using Application install path: D:\ST\STM32CubeIDE_1.10.1\STM32CubeIDE\plugins\com.st.stm32cube.common.mx_6.6.1.202207061420
2022-11-07 13:57:06,224 [INFO] PluginManage:193 - Search for loadable plugins [exclusion list=, ]
2022-11-07 13:57:06,224 [INFO] PluginManage:307 - Check plugin analytics
2022-11-07 13:57:06,595 [INFO] AnalyticsPlugin:262 - Accepted Software Licenses: 
2022-11-07 13:57:06,595 [INFO] AnalyticsPlugin:264 - Accepted CMSIS Pack Licenses: 
2022-11-07 13:57:06,605 [INFO] AnalyticsPlugin:266 - Accepted Firmware Licenses: FW.G4.1.5.0,FW.F7.1.17.0
2022-11-07 13:57:06,625 [INFO] PluginManage:356 - Loaded plugin analytics (category:tool,tabindex:-1)
2022-11-07 13:57:06,625 [INFO] PluginManage:307 - Check plugin cadmodel
2022-11-07 13:57:06,666 [INFO] CADModel:65 - Init CAD model plugin
2022-11-07 13:57:06,666 [INFO] PluginManage:356 - Loaded plugin cadmodel (category:power,tabindex:5)
2022-11-07 13:57:06,666 [INFO] PluginManage:307 - Check plugin clock
2022-11-07 13:57:06,706 [INFO] PluginManage:356 - Loaded plugin clock (category:base,tabindex:2)
2022-11-07 13:57:06,706 [INFO] PluginManage:307 - Check plugin ddr
2022-11-07 13:57:06,716 [INFO] PluginManage:356 - Loaded plugin ddr (category:tool,tabindex:6)
2022-11-07 13:57:06,716 [INFO] PluginManage:307 - Check plugin filemanager
2022-11-07 13:57:07,016 [INFO] PluginManage:356 - Loaded plugin filemanager (category:base,tabindex:10)
2022-11-07 13:57:07,016 [INFO] PluginManage:307 - Check plugin ipmanager
2022-11-07 13:57:07,046 [INFO] PluginManage:356 - Loaded plugin ipmanager (category:base,tabindex:5)
2022-11-07 13:57:07,046 [INFO] PluginManage:307 - Check plugin lpbam
2022-11-07 13:57:07,096 [INFO] PluginManage:356 - Loaded plugin lpbam (category:base,tabindex:0)
2022-11-07 13:57:07,106 [INFO] PluginManage:307 - Check plugin pinoutandconfiguration
2022-11-07 13:57:07,126 [INFO] PluginManage:356 - Loaded plugin pinoutandconfiguration (category:base,tabindex:1)
2022-11-07 13:57:07,126 [INFO] PluginManage:307 - Check plugin pinoutconfig
2022-11-07 13:57:07,188 [INFO] PluginManage:356 - Loaded plugin pinoutconfig (category:base,tabindex:0)
2022-11-07 13:57:07,188 [INFO] PluginManage:307 - Check plugin power
2022-11-07 13:57:07,238 [INFO] PluginManage:356 - Loaded plugin power (category:power,tabindex:4)
2022-11-07 13:57:07,238 [INFO] PluginManage:307 - Check plugin projectmanager
2022-11-07 13:57:07,289 [INFO] PluginManage:356 - Loaded plugin projectmanager (category:projectmanager,tabindex:3)
2022-11-07 13:57:07,289 [INFO] PluginManage:307 - Check plugin thirdparty
2022-11-07 13:57:07,589 [WARN] IntegrityCheckThread:82 - waiting for thirdparty lock release [integrity check]
2022-11-07 13:57:07,589 [INFO] PluginManage:356 - Loaded plugin thirdparty (category:base,tabindex:-1)
2022-11-07 13:57:07,589 [INFO] IntegrityCheckThread:84 - entering critical section [integrity check]
2022-11-07 13:57:07,589 [INFO] PluginManage:307 - Check plugin tools
2022-11-07 13:57:07,589 [INFO] ThirdPartyUpdaterWithRetryManager:70 - Updater plugin not ready yet. [1/15]
2022-11-07 13:57:07,609 [INFO] PluginManage:356 - Loaded plugin tools (category:base,tabindex:7)
2022-11-07 13:57:07,609 [INFO] PluginManage:307 - Check plugin tutovideos
2022-11-07 13:57:07,970 [INFO] PluginManage:356 - Loaded plugin tutovideos (category:base,tabindex:-1)
2022-11-07 13:57:07,970 [INFO] PluginManage:307 - Check plugin updater
2022-11-07 13:57:08,010 [INFO] PluginManage:356 - Loaded plugin updater (category:base,tabindex:12)
2022-11-07 13:57:08,010 [INFO] PluginManage:280 - PluginManage : Loaded plugins [15]
2022-11-07 13:57:08,515 [INFO] PinOutPanel:1468 - setPackage(No Configuration,No Configuration)
2022-11-07 13:57:08,625 [INFO] CADModel:98 - CPN selected for project level
2022-11-07 13:57:08,675 [INFO] IPUIPlugin:79 - create IPUIPlugin
2022-11-07 13:57:08,685 [INFO] PluginManager:217 - loadIPPluginJar : add adc
2022-11-07 13:57:08,696 [INFO] IPUIPlugin:79 - create IPUIPlugin
2022-11-07 13:57:08,696 [INFO] PluginManager:217 - loadIPPluginJar : add aes
2022-11-07 13:57:08,706 [INFO] IPUIPlugin:79 - create IPUIPlugin
2022-11-07 13:57:08,706 [INFO] PluginManager:217 - loadIPPluginJar : add can
2022-11-07 13:57:08,716 [INFO] IPUIPlugin:79 - create IPUIPlugin
2022-11-07 13:57:08,716 [INFO] PluginManager:217 - loadIPPluginJar : add comp
2022-11-07 13:57:08,726 [INFO] IPUIPlugin:79 - create IPUIPlugin
2022-11-07 13:57:08,726 [INFO] PluginManager:217 - loadIPPluginJar : add cryp
2022-11-07 13:57:08,726 [INFO] IPUIPlugin:79 - create IPUIPlugin
2022-11-07 13:57:08,726 [INFO] PluginManager:217 - loadIPPluginJar : add dfsdm
2022-11-07 13:57:08,736 [INFO] IPUIPlugin:79 - create IPUIPlugin
2022-11-07 13:57:08,736 [INFO] PluginManager:217 - loadIPPluginJar : add dma
2022-11-07 13:57:08,736 [INFO] IPUIPlugin:79 - create IPUIPlugin
2022-11-07 13:57:08,736 [INFO] PluginManager:217 - loadIPPluginJar : add dma3
2022-11-07 13:57:08,746 [INFO] IPUIPlugin:79 - create IPUIPlugin
2022-11-07 13:57:08,746 [INFO] PluginManager:217 - loadIPPluginJar : add fatfs
2022-11-07 13:57:08,776 [INFO] IPUIPlugin:79 - create IPUIPlugin
2022-11-07 13:57:08,776 [INFO] PluginManager:217 - loadIPPluginJar : add fmc
2022-11-07 13:57:08,796 [INFO] IPUIPlugin:79 - create IPUIPlugin
2022-11-07 13:57:08,796 [INFO] PluginManager:217 - loadIPPluginJar : add freertos
2022-11-07 13:57:08,796 [INFO] IPUIPlugin:79 - create IPUIPlugin
2022-11-07 13:57:08,796 [INFO] PluginManager:217 - loadIPPluginJar : add genericplugin
2022-11-07 13:57:08,816 [INFO] IPUIPlugin:79 - create IPUIPlugin
2022-11-07 13:57:08,816 [INFO] PluginManager:217 - loadIPPluginJar : add gfxmmu
2022-11-07 13:57:08,826 [INFO] IPUIPlugin:79 - create IPUIPlugin
2022-11-07 13:57:08,826 [INFO] PluginManager:217 - loadIPPluginJar : add gic
2022-11-07 13:57:08,826 [INFO] IPUIPlugin:79 - create IPUIPlugin
2022-11-07 13:57:08,826 [INFO] PluginManager:217 - loadIPPluginJar : add gpio
2022-11-07 13:57:08,836 [INFO] IPUIPlugin:79 - create IPUIPlugin
2022-11-07 13:57:08,836 [INFO] PluginManager:217 - loadIPPluginJar : add gtzc
2022-11-07 13:57:08,836 [INFO] IPUIPlugin:79 - create IPUIPlugin
2022-11-07 13:57:08,836 [INFO] PluginManager:217 - loadIPPluginJar : add hash
2022-11-07 13:57:08,856 [INFO] IPUIPlugin:79 - create IPUIPlugin
2022-11-07 13:57:08,856 [INFO] PluginManager:217 - loadIPPluginJar : add i2c
2022-11-07 13:57:08,856 [INFO] IPUIPlugin:79 - create IPUIPlugin
2022-11-07 13:57:08,856 [INFO] PluginManager:217 - loadIPPluginJar : add i2s
2022-11-07 13:57:08,877 [INFO] IPUIPlugin:79 - create IPUIPlugin
2022-11-07 13:57:08,877 [INFO] PluginManager:217 - loadIPPluginJar : add ipddr
2022-11-07 13:57:08,934 [INFO] IPUIPlugin:79 - create IPUIPlugin
2022-11-07 13:57:08,934 [INFO] PluginManager:217 - loadIPPluginJar : add linkedlist
2022-11-07 13:57:08,934 [INFO] IPUIPlugin:79 - create IPUIPlugin
2022-11-07 13:57:08,934 [INFO] PluginManager:217 - loadIPPluginJar : add lorawan
2022-11-07 13:57:08,934 [INFO] IPUIPlugin:79 - create IPUIPlugin
2022-11-07 13:57:08,934 [INFO] PluginManager:217 - loadIPPluginJar : add ltdc
2022-11-07 13:57:08,964 [INFO] IPUIPlugin:79 - create IPUIPlugin
2022-11-07 13:57:08,964 [INFO] PluginManager:217 - loadIPPluginJar : add mdma
2022-11-07 13:57:08,974 [INFO] IPUIPlugin:79 - create IPUIPlugin
2022-11-07 13:57:08,974 [INFO] PluginManager:217 - loadIPPluginJar : add nvic
2022-11-07 13:57:08,974 [INFO] IPUIPlugin:79 - create IPUIPlugin
2022-11-07 13:57:08,974 [INFO] PluginManager:217 - loadIPPluginJar : add opamp
2022-11-07 13:57:08,985 [INFO] IPUIPlugin:79 - create IPUIPlugin
2022-11-07 13:57:08,985 [INFO] PluginManager:217 - loadIPPluginJar : add openamp
2022-11-07 13:57:08,998 [INFO] IPUIPlugin:79 - create IPUIPlugin
2022-11-07 13:57:08,998 [INFO] PluginManager:217 - loadIPPluginJar : add pdm2pcm
2022-11-07 13:57:09,012 [INFO] IPUIPlugin:79 - create IPUIPlugin
2022-11-07 13:57:09,012 [INFO] PluginManager:217 - loadIPPluginJar : add plateformsettings
2022-11-07 13:57:09,022 [INFO] IPUIPlugin:79 - create IPUIPlugin
2022-11-07 13:57:09,022 [INFO] PluginManager:217 - loadIPPluginJar : add quadspi
2022-11-07 13:57:09,022 [INFO] IPUIPlugin:79 - create IPUIPlugin
2022-11-07 13:57:09,022 [INFO] PluginManager:217 - loadIPPluginJar : add resmgrutility
2022-11-07 13:57:09,042 [INFO] IPUIPlugin:79 - create IPUIPlugin
2022-11-07 13:57:09,042 [INFO] PluginManager:217 - loadIPPluginJar : add sai
2022-11-07 13:57:09,042 [INFO] IPUIPlugin:79 - create IPUIPlugin
2022-11-07 13:57:09,042 [INFO] PluginManager:217 - loadIPPluginJar : add spi
2022-11-07 13:57:09,062 [INFO] IPUIPlugin:79 - create IPUIPlugin
2022-11-07 13:57:09,062 [INFO] PluginManager:217 - loadIPPluginJar : add stm32_wpan
2022-11-07 13:57:09,072 [INFO] IPUIPlugin:79 - create IPUIPlugin
2022-11-07 13:57:09,072 [INFO] PluginManager:217 - loadIPPluginJar : add tim
2022-11-07 13:57:09,082 [INFO] IPUIPlugin:79 - create IPUIPlugin
2022-11-07 13:57:09,082 [INFO] PluginManager:217 - loadIPPluginJar : add touchsensing
2022-11-07 13:57:09,082 [INFO] IPUIPlugin:79 - create IPUIPlugin
2022-11-07 13:57:09,082 [INFO] PluginManager:217 - loadIPPluginJar : add tracer_emb
2022-11-07 13:57:09,092 [INFO] IPUIPlugin:79 - create IPUIPlugin
2022-11-07 13:57:09,092 [INFO] PluginManager:217 - loadIPPluginJar : add ts
2022-11-07 13:57:09,092 [INFO] IPUIPlugin:79 - create IPUIPlugin
2022-11-07 13:57:09,092 [INFO] PluginManager:217 - loadIPPluginJar : add tsc
2022-11-07 13:57:09,092 [INFO] IPUIPlugin:79 - create IPUIPlugin
2022-11-07 13:57:09,092 [INFO] PluginManager:217 - loadIPPluginJar : add ucpd
2022-11-07 13:57:09,104 [INFO] IPUIPlugin:79 - create IPUIPlugin
2022-11-07 13:57:09,114 [INFO] PluginManager:217 - loadIPPluginJar : add usart
2022-11-07 13:57:09,114 [INFO] IPUIPlugin:79 - create IPUIPlugin
2022-11-07 13:57:09,114 [INFO] PluginManager:217 - loadIPPluginJar : add usbx
2022-11-07 13:57:09,655 [FATAL] Updater:301 - Updater called before beeing initialized
2022-11-07 13:57:09,885 [FATAL] Updater:301 - Updater called before beeing initialized
2022-11-07 13:57:09,925 [INFO] DbMcusAds:52 - JSON generation date=Thu Sep 30 08:56:37 CEST 2021 (1632984997303)
2022-11-07 13:57:09,925 [FATAL] Updater:301 - Updater called before beeing initialized
2022-11-07 13:57:10,035 [WARN] DetailPanel:344 - Failed to get advertising image, set to default
2022-11-07 13:57:10,225 [FATAL] Updater:301 - Updater called before beeing initialized
2022-11-07 13:57:10,245 [FATAL] Updater:301 - Updater called before beeing initialized
2022-11-07 13:57:10,245 [FATAL] Updater:301 - Updater called before beeing initialized
2022-11-07 13:57:10,245 [WARN] DetailPanel:344 - Failed to get advertising image, set to default
2022-11-07 13:57:10,245 [FATAL] Updater:301 - Updater called before beeing initialized
2022-11-07 13:57:10,453 [ERROR] Updater:1105 - MainUpdater not yet initialized. External WinMGr cannot be set.
2022-11-07 13:57:10,465 [INFO] Updater:1041 - Updater Version found : 6.6.1
2022-11-07 13:57:10,505 [INFO] ApplicationProperties:181 - Using Application install path: D:\ST\STM32CubeIDE_1.10.1\STM32CubeIDE\plugins\com.st.stm32cube.common.mx_6.6.1.202207061420
2022-11-07 13:57:10,599 [INFO] ThirdPartyUpdaterWithRetryManager:70 - Updater plugin not ready yet. [2/15]
2022-11-07 13:57:10,699 [INFO] MainUpdater:2768 - connection check result : 10
2022-11-07 13:57:10,699 [INFO] MainUpdater:3453 - Updater definition file requires update
2022-11-07 13:57:10,699 [INFO] MainUpdater:280 - Updater Check For Update Now.
2022-11-07 13:57:10,699 [INFO] MicroXplorer:481 - Change Database Version : DB.6.0.60
2022-11-07 13:57:10,729 [INFO] ServerAccessManage:474 - Download File updaters.zip
2022-11-07 13:57:10,839 [INFO] FileExtend:239 - Unzip File : updaters.zip
2022-11-07 13:57:10,839 [INFO] FileExtend:254 - Standard Zip Deflate
2022-11-07 13:57:11,289 [INFO] ServerAccessManage:474 - Download File PacksControlFlags.xml
2022-11-07 13:57:11,339 [INFO] ServerAccessManage:474 - Download File cubemx.pidx
2022-11-07 13:57:12,669 [INFO] ServerAccessManage:474 - Download File STMicroelectronics.X-CUBE-ISPU.pdsc
2022-11-07 13:57:13,599 [WARN] MainUpdater:1184 - Updater busy. Cannot search thirdparties
2022-11-07 13:57:13,599 [INFO] ThirdPartyUpdaterWithRetryManager:96 - Updater plugin is busy. [1/15]
2022-11-07 13:57:13,760 [WARN] PackLoader:242 - Cannot read IP mode file for STMicroelectronics.X-CUBE-ISPU.1.1.0
2022-11-07 13:57:13,772 [INFO] PopulateThirdPartyThread:64 - Ending populate Thread
2022-11-07 13:57:13,772 [INFO] ThirdParty:981 - CMSIS Pack Vendor :STMicroelectronics X-CUBE-ISPU 1.1.0
2022-11-07 13:57:13,772 [INFO] LoadServerUpdatesThread:367 - End of LoadServerUpdate Thread
2022-11-07 13:57:13,798 [INFO] CheckServerUpdateThread:119 - End of CheckServer Thread
2022-11-07 13:57:13,808 [INFO] MainUpdater:2768 - connection check result : 10
2022-11-07 13:57:13,808 [INFO] MainUpdater:2768 - connection check result : 10
2022-11-07 13:57:13,979 [INFO] MicroXplorer:451 - Change Database Path : 
2022-11-07 13:57:13,979 [INFO] MicroXplorer:481 - Change Database Version : DB.6.0.60
2022-11-07 13:57:13,979 [WARN] ThirdParty:827 - waiting for thirdparty lock release [close project]
2022-11-07 13:57:16,771 [WARN] PackLoader:242 - Cannot read IP mode file for STMicroelectronics.X-CUBE-GNSS1.6.0.0
2022-11-07 13:57:16,821 [WARN] PackLoader:242 - Cannot read IP mode file for STMicroelectronics.X-CUBE-AZRTOS-F4.1.1.0
2022-11-07 13:57:16,841 [WARN] PackLoader:242 - Cannot read IP mode file for STMicroelectronics.X-CUBE-BLEMGR.1.2.0
2022-11-07 13:57:16,881 [WARN] PackLoader:242 - Cannot read IP mode file for STMicroelectronics.X-CUBE-AZRTOS-F7.1.1.0
2022-11-07 13:57:16,891 [WARN] PackLoader:242 - Cannot read IP mode file for STMicroelectronics.X-CUBE-BLE1.6.2.3
2022-11-07 13:57:16,901 [WARN] PackLoader:242 - Cannot read IP mode file for STMicroelectronics.X-CUBE-NFC4.2.0.4
2022-11-07 13:57:16,921 [WARN] PackLoader:242 - Cannot read IP mode file for STMicroelectronics.X-CUBE-TOF1.3.1.0
2022-11-07 13:57:16,931 [WARN] PackLoader:242 - Cannot read IP mode file for wolfSSL.I-CUBE-wolfSSL.5.5.0
2022-11-07 13:57:16,941 [WARN] PackLoader:242 - Cannot read IP mode file for STMicroelectronics.X-CUBE-NFC7.1.0.0
2022-11-07 13:57:17,051 [WARN] PackLoader:242 - Cannot read IP mode file for STMicroelectronics.X-CUBE-MEMS1.9.3.0
2022-11-07 13:57:17,294 [WARN] PackLoader:242 - Cannot read IP mode file for STMicroelectronics.X-CUBE-AI.7.2.0
2022-11-07 13:57:17,304 [WARN] PackLoader:242 - Cannot read IP mode file for STMicroelectronics.X-CUBE-SFXS2LP1.4.0.0
2022-11-07 13:57:17,314 [WARN] PackLoader:242 - Cannot read IP mode file for STMicroelectronics.X-CUBE-BLE2.3.3.0
2022-11-07 13:57:17,334 [WARN] PackLoader:242 - Cannot read IP mode file for STMicroelectronics.X-CUBE-DISPLAY.2.2.0
2022-11-07 13:57:17,354 [WARN] PackLoader:242 - Cannot read IP mode file for STMicroelectronics.X-CUBE-TOF1.3.2.0
2022-11-07 13:57:17,374 [WARN] PackLoader:242 - Cannot read IP mode file for STMicroelectronics.X-CUBE-ISPU.1.0.0
2022-11-07 13:57:17,374 [WARN] PackLoader:242 - Cannot read IP mode file for STMicroelectronics.X-CUBE-ISPU.1.1.0
2022-11-07 13:57:17,394 [WARN] PackLoader:242 - Cannot read IP mode file for RoweBots.I-CUBE-UNISONRTOS.5.5.0-4
2022-11-07 13:57:17,434 [WARN] PackLoader:242 - Cannot read IP mode file for STMicroelectronics.X-CUBE-AZRTOS-H7.2.1.0
2022-11-07 13:57:17,454 [WARN] PackLoader:242 - Cannot read IP mode file for STMicroelectronics.X-CUBE-BLEMGR.1.0.0
2022-11-07 13:57:17,464 [WARN] PackLoader:242 - Cannot read IP mode file for STMicroelectronics.X-CUBE-AI.7.3.0
2022-11-07 13:57:17,464 [WARN] PackLoader:242 - Cannot read IP mode file for STMicroelectronics.X-CUBE-ALGOBUILD.1.3.0
2022-11-07 13:57:17,494 [WARN] PackLoader:242 - Cannot read IP mode file for STMicroelectronics.X-CUBE-AZRTOS-G0.1.1.0
2022-11-07 13:57:17,514 [WARN] PackLoader:242 - Cannot read IP mode file for STMicroelectronics.X-CUBE-SUBG2.5.0.0
2022-11-07 13:57:17,584 [WARN] PackLoader:242 - Cannot read IP mode file for SEGGER.I-CUBE-embOS.1.2.0
2022-11-07 13:57:17,658 [WARN] PackLoader:242 - Cannot read IP mode file for STMicroelectronics.FP-ATR-ASTRA1.1.1.1
2022-11-07 13:57:17,678 [WARN] PackLoader:242 - Cannot read IP mode file for STMicroelectronics.X-CUBE-AZRTOS-G4.1.0.0
2022-11-07 13:57:17,688 [WARN] PackLoader:242 - Cannot read IP mode file for STMicroelectronics.FP-ATR-SIGFOX1.3.2.0
2022-11-07 13:57:17,718 [WARN] PackLoader:242 - Cannot read IP mode file for STMicroelectronics.X-CUBE-AZRTOS-L4.1.0.0
2022-11-07 13:57:17,728 [WARN] PackLoader:242 - Cannot read IP mode file for emotas.I-CUBE-CANOPEN.1.1.2
2022-11-07 13:57:17,728 [WARN] PackLoader:242 - Cannot read IP mode file for STMicroelectronics.X-CUBE-TOUCHGFX.4.20.0
2022-11-07 13:57:17,738 [WARN] PackLoader:242 - Cannot read IP mode file for STMicroelectronics.X-CUBE-AZRTOS-WL.1.0.0
2022-11-07 13:57:17,748 [WARN] PackLoader:242 - Cannot read IP mode file for portGmbH.I-Cube-SoM-uGOAL.1.1.0
2022-11-07 13:57:17,758 [WARN] PackLoader:242 - Cannot read IP mode file for STMicroelectronics.X-CUBE-ALS.1.0.1
2022-11-07 13:57:17,778 [WARN] PackLoader:242 - Cannot read IP mode file for STMicroelectronics.X-CUBE-AZRTOS-L5.1.0.0
2022-11-07 13:57:17,798 [WARN] PackLoader:242 - Cannot read IP mode file for STMicroelectronics.X-CUBE-EEPRMA1.3.1.1
2022-11-07 13:57:17,798 [INFO] ThirdParty:929 - Integrity check success = true
2022-11-07 13:57:17,798 [INFO] IntegrityCheckThread:98 - exiting critical section [integrity check]
2022-11-07 13:57:17,798 [INFO] IntegrityCheckThread:101 - End integrity checks thread
2022-11-07 13:57:17,798 [INFO] ThirdParty:829 - entering critical section [close project]
2022-11-07 13:57:17,798 [INFO] ThirdParty:839 - exiting critical section [close project]
2022-11-07 13:57:17,808 [INFO] PinOutPanel:1468 - setPackage(No Configuration,No Configuration)
2022-11-07 13:57:17,808 [INFO] UtilMem:74 - Begin LoadConfig() Used Memory: 193074160 Bytes (641728512)
2022-11-07 13:57:17,818 [INFO] MicroXplorer:451 - Change Database Path : 
2022-11-07 13:57:17,818 [INFO] MicroXplorer:481 - Change Database Version : DB.6.0.60
2022-11-07 13:57:17,818 [INFO] OpenFileManager:307 - Change cursor
2022-11-07 13:57:17,999 [INFO] Mcu:1922 - Initializing MCU STM32G431R(6-8-B)Tx STM32G431RBTx STM32G431RBT6
2022-11-07 13:57:23,503 [INFO] Context:654 - Trying to add GPIOservice into a context  which must be forbidden
2022-11-07 13:57:24,671 [WARN] ApiManager:308 - Cannot register API 'Board Extension:GNSS1A1' from pack STMicroelectronics.X-CUBE-GNSS1.6.0.0: no header file found
2022-11-07 13:57:24,671 [WARN] ApiManager:308 - Cannot register API 'Board Support:Custom' from pack STMicroelectronics.X-CUBE-GNSS1.6.0.0: no header file found
2022-11-07 13:57:24,671 [WARN] ApiManager:308 - Cannot register API 'Data Exchange:lib_gnss' from pack STMicroelectronics.X-CUBE-GNSS1.6.0.0: no header file found
2022-11-07 13:57:24,701 [WARN] ApiManager:308 - Cannot register API 'Wireless:BlueNRG-MS' from pack STMicroelectronics.X-CUBE-BLE1.6.2.3: no header file found
2022-11-07 13:57:24,701 [INFO] RtosManager:488 - Registered RTOS mode: class=CMSIS, group=RTOS, mode=CMSIS_V1, owner=FREERTOS
2022-11-07 13:57:24,701 [INFO] RtosManager:488 - Registered RTOS mode: class=CMSIS, group=RTOS2, mode=CMSIS_V2, owner=FREERTOS
2022-11-07 13:57:24,701 [INFO] RtosManager:488 - Registered RTOS mode: class=RTOS, group=Core, mode=CMSIS_V1, owner=FREERTOS
2022-11-07 13:57:24,701 [INFO] RtosManager:488 - Registered RTOS mode: class=RTOS, group=Core, mode=CMSIS_V2, owner=FREERTOS
2022-11-07 13:57:24,701 [WARN] ModelIntegratedComponent:185 - Missing modes for component STMicroelectronics:FreeRTOS:0.0.1:STMicroelectronics:RTOS:FreeRTOS:Core:::10.2.0:
2022-11-07 13:57:24,711 [WARN] ApiManager:308 - Cannot register API 'Board Extension:S2868A1' from pack STMicroelectronics.X-CUBE-SUBG2.5.0.0: no header file found
2022-11-07 13:57:24,711 [WARN] ApiManager:308 - Cannot register API 'Board Extension:S2868A2' from pack STMicroelectronics.X-CUBE-SUBG2.5.0.0: no header file found
2022-11-07 13:57:24,711 [WARN] ApiManager:308 - Cannot register API 'Board Extension:S2915A1' from pack STMicroelectronics.X-CUBE-SUBG2.5.0.0: no header file found
2022-11-07 13:57:24,721 [WARN] ApiManager:308 - Cannot register API 'Board Extension:NFC04A1' from pack STMicroelectronics.X-CUBE-NFC4.2.0.4: no header file found
2022-11-07 13:57:24,741 [WARN] ModelIntegratedComponent:64 - No mode defined for component null
2022-11-07 13:57:24,741 [WARN] ModelIntegratedComponent:64 - No mode defined for component null
2022-11-07 13:57:24,741 [WARN] ModelIntegratedComponent:64 - No mode defined for component null
2022-11-07 13:57:24,741 [WARN] ModelIntegratedComponent:64 - No mode defined for component null
2022-11-07 13:57:24,741 [WARN] ModelIntegratedComponent:64 - No mode defined for component null
2022-11-07 13:57:24,741 [WARN] ModelIntegratedComponent:64 - No mode defined for component null
2022-11-07 13:57:24,741 [WARN] ModelIntegratedComponent:64 - No mode defined for component null
2022-11-07 13:57:24,741 [WARN] ModelIntegratedComponent:64 - No mode defined for component null
2022-11-07 13:57:24,741 [WARN] ModelIntegratedComponent:64 - No mode defined for component null
2022-11-07 13:57:24,741 [WARN] ModelIntegratedComponent:64 - No mode defined for component null
2022-11-07 13:57:24,741 [WARN] ModelIntegratedComponent:64 - No mode defined for component null
2022-11-07 13:57:24,741 [WARN] ModelIntegratedComponent:64 - No mode defined for component null
2022-11-07 13:57:24,741 [WARN] ModelIntegratedComponent:64 - No mode defined for component null
2022-11-07 13:57:24,741 [WARN] ModelIntegratedComponent:64 - No mode defined for component null
2022-11-07 13:57:24,741 [WARN] ModelIntegratedComponent:64 - No mode defined for component null
2022-11-07 13:57:24,741 [WARN] ModelIntegratedComponent:64 - No mode defined for component null
2022-11-07 13:57:24,741 [WARN] ModelIntegratedComponent:64 - No mode defined for component null
2022-11-07 13:57:24,741 [WARN] ModelIntegratedComponent:64 - No mode defined for component null
2022-11-07 13:57:24,741 [WARN] ModelIntegratedComponent:64 - No mode defined for component null
2022-11-07 13:57:24,741 [WARN] ModelIntegratedComponent:64 - No mode defined for component null
2022-11-07 13:57:24,741 [WARN] ModelIntegratedComponent:64 - No mode defined for component null
2022-11-07 13:57:24,741 [WARN] ModelIntegratedComponent:64 - No mode defined for component null
2022-11-07 13:57:24,741 [WARN] ModelIntegratedComponent:64 - No mode defined for component null
2022-11-07 13:57:24,741 [WARN] ModelIntegratedComponent:64 - No mode defined for component null
2022-11-07 13:57:24,741 [WARN] ModelIntegratedComponent:64 - No mode defined for component null
2022-11-07 13:57:24,741 [WARN] ModelIntegratedComponent:64 - No mode defined for component null
2022-11-07 13:57:24,741 [WARN] ModelIntegratedComponent:64 - No mode defined for component null
2022-11-07 13:57:24,741 [WARN] ModelIntegratedComponent:64 - No mode defined for component null
2022-11-07 13:57:24,741 [WARN] ModelIntegratedComponent:64 - No mode defined for component null
2022-11-07 13:57:24,741 [WARN] ModelIntegratedComponent:64 - No mode defined for component null
2022-11-07 13:57:24,741 [WARN] ModelIntegratedComponent:64 - No mode defined for component null
2022-11-07 13:57:24,741 [WARN] ModelIntegratedComponent:64 - No mode defined for component null
2022-11-07 13:57:24,741 [WARN] ModelIntegratedComponent:64 - No mode defined for component null
2022-11-07 13:57:24,751 [WARN] ApiManager:308 - Cannot register API 'Board Extension:NFC07A1' from pack STMicroelectronics.X-CUBE-NFC7.1.0.0: no header file found
2022-11-07 13:57:24,891 [WARN] ApiManager:308 - Cannot register API 'Board Extension:IKS01A3' from pack STMicroelectronics.X-CUBE-MEMS1.9.3.0: no header file found
2022-11-07 13:57:24,891 [WARN] ApiManager:308 - Cannot register API 'Board Extension:IKS01A2' from pack STMicroelectronics.X-CUBE-MEMS1.9.3.0: no header file found
2022-11-07 13:57:24,891 [WARN] ApiManager:308 - Cannot register API 'Board Extension:IKS02A1' from pack STMicroelectronics.X-CUBE-MEMS1.9.3.0: no header file found
2022-11-07 13:57:24,901 [WARN] ApiManager:308 - Cannot register API 'Board Extension:EEPRMA1' from pack STMicroelectronics.X-CUBE-EEPRMA1.3.1.1: no header file found
2022-11-07 13:57:24,901 [WARN] ApiManager:308 - Cannot register API 'Board Extension:EEPRMA2' from pack STMicroelectronics.X-CUBE-EEPRMA1.3.1.1: no header file found
2022-11-07 13:57:24,901 [WARN] ApiManager:308 - Cannot register API 'Board Extension:S2868A1' from pack STMicroelectronics.X-CUBE-SFXS2LP1.4.0.0: no header file found
2022-11-07 13:57:24,901 [WARN] ApiManager:308 - Cannot register API 'Board Extension:S2868A2' from pack STMicroelectronics.X-CUBE-SFXS2LP1.4.0.0: no header file found
2022-11-07 13:57:24,901 [WARN] ApiManager:308 - Cannot register API 'Board Extension:S2915A1' from pack STMicroelectronics.X-CUBE-SFXS2LP1.4.0.0: no header file found
2022-11-07 13:57:24,901 [WARN] ApiManager:308 - Cannot register API 'Wireless:BlueNRG-2' from pack STMicroelectronics.X-CUBE-BLE2.3.3.0: no header file found
2022-11-07 13:57:24,921 [INFO] ThirdPartyModel:289 - Start build external matchings
2022-11-07 13:57:25,178 [INFO] ThirdPartyModel:302 - End build external matchings
2022-11-07 13:57:25,198 [INFO] ImportTextPane:193 - (OptionalMessage_ERROR) IP (RCC) : Invalid parameter (FamilyName)
2022-11-07 13:57:25,208 [INFO] ImportTextPane:193 - (OptionalMessage_ERROR) IP (RCC) : Parameter (RNGFreq_Value) has invalid value (170000000)
2022-11-07 13:57:25,208 [INFO] ImportTextPane:193 - (OptionalMessage_ERROR) IP (RCC) : Parameter (USBFreq_Value) has invalid value (170000000)
2022-11-07 13:57:25,855 [INFO] UtilMem:74 - End LoadConfig() Used Memory: 306154616 Bytes (641728512)
2022-11-07 13:57:26,682 [INFO] ApiDb:576 - Connected to CubeFinder SQLite database (C:\Users\Giuseppe\.stmcufinder\plugins\mcufinder\mcu\cube-finder-db.db)
2022-11-07 13:57:26,752 [INFO] ApiDb:663 - CubeFinder database Data Model version=2.1
2022-11-07 13:57:26,752 [INFO] ApiDb:664 - CubeFinder database Configuration version=3.0.32
2022-11-07 13:57:26,752 [INFO] ApiDb:665 - CubeFinder database generation date=2022-08-05 (1659688109)
2022-11-07 13:57:26,752 [INFO] ApiDb:666 - CubeFinder database FW Pack versions=[STM32Cube_FW_C0_V1.0.0, STM32Cube_FW_F4_V1.27.1, STM32Cube_FW_F7_V1.17.0, STM32Cube_FW_G0_V1.6.1, STM32Cube_FW_G4_V1.5.0, STM32Cube_FW_H7_V1.10.0, STM32Cube_FW_L5_V1.4.0, STM32Cube_FW_U5_V1.1.1, STM32Cube_FW_WB_V1.14.1, STM32Cube_FW_WL_V1.2.0, X-CUBE-ALGOBUILD_V1.3.0, X-CUBE-ALS_V1.0.1, X-CUBE-AZRTOS-F4_V1.1.0, X-CUBE-AZRTOS-F7_V1.1.0, X-CUBE-AZRTOS-G0_V1.1.0, X-CUBE-AZRTOS-G4_V1.0.0, X-CUBE-AZRTOS-H7_V2.1.0, X-CUBE-AZRTOS-L4_V1.0.0, X-CUBE-AZRTOS-L5_V1.0.0, X-CUBE-AZRTOS-WL_V1.0.0, X-CUBE-BLE1_V6.2.3, X-CUBE-BLE2_V3.3.0, X-CUBE-EEPRMA1_V3.1.1, X-CUBE-GNSS1_V6.0.0, X-CUBE-MEMS1_V9.1.0, X-CUBE-MEMS1_V9.3.0, X-CUBE-NFC4_V2.0.4, X-CUBE-NFC7_V1.0.0, X-CUBE-SFXS2LP1_V4.0.0, X-CUBE-SUBG2_V5.0.0]
2022-11-07 13:57:28,962 [INFO] ApiDb:239 - Found 138 in-development CPN: [B-WB1M-WPAN1, NUCLEO-C031C6, STEVAL-STWINBX1, STM320518-EVAL, STM32C0116-DK, STM32C011D6Y3TR, STM32C011D6Y6TR, STM32C011F4P3, STM32C011F4P6, STM32C011F4U3, STM32C011F4U6TR, STM32C011F6P3, STM32C011F6P6, STM32C011F6U3, STM32C011F6U6TR, STM32C011J4M3, STM32C011J4M6, STM32C011J6M3, STM32C011J6M6, STM32C0316-DK, STM32C031C4T3, STM32C031C4T6, STM32C031C4U3, STM32C031C4U6, STM32C031C6T3, STM32C031C6T6, STM32C031C6U3, STM32C031C6U6, STM32C031F4P3, STM32C031F4P6, STM32C031F6P3, STM32C031F6P6, STM32C031G4U3, STM32C031G4U6, STM32C031G6U3, STM32C031G6U6, STM32C031K4T3, STM32C031K4T6, STM32C031K4U3, STM32C031K4U6, STM32C031K6T3, STM32C031K6T6, STM32C031K6U3, STM32C031K6U6, STM32G071K8TXN, STM32G071K8UXN, STM32G081GBU6N, STM32G081KBT6N, STM32G081KBUXN, STM32G0B1CCT6N, STM32G0B1KCT6, STM32G0B1NEY6TR, STM32G0B1RCT6N, STM32G0C1CCT6, STM32G0C1CCT6N, STM32G0C1CCU6N, STM32G0C1CET6N, STM32G0C1CEU6N, STM32G0C1KCT6, STM32G0C1NEY6TR, STM32G0C1RCI6N, STM32G0C1RCT6N, STM32G0C1REI6N, STM32G0C1RET6N, STM32G0C1VCI6, STM32G0C1VEI6, STM32G471CCT6, STM32G471CCU6, STM32G471CET3, STM32G471CET6, STM32G471CEU3, STM32G471CEU6, STM32G471MCT6, STM32G471MET3, STM32G471MET6, STM32G471MEY6TR, STM32G471QCT6, STM32G471QET3, STM32G471RCT6, STM32G471RET3, STM32G471RET6, STM32G471VCH6, STM32G471VCI6, STM32G471VCT6, STM32G471VEH3, STM32G471VEH6, STM32G471VEI3, STM32G471VEI6, STM32G471VET3, STM32G471VET6, STM32G474CCT6, STM32L476VGY6PTR, STM32L4R5QGI6STR, STM32MP131AAE3, STM32MP131AAF3, STM32MP131AAG3, STM32MP131CAE3, STM32MP131CAF3, STM32MP131CAG3, STM32MP131DAE7, STM32MP131DAF7, STM32MP131DAG7, STM32MP131FAE7, STM32MP131FAF7, STM32MP131FAG7, STM32MP133AAE3, STM32MP133AAF3, STM32MP133AAG3, STM32MP133CAE3, STM32MP133CAF3, STM32MP133CAG3, STM32MP133DAE7, STM32MP133DAF7, STM32MP133DAG7, STM32MP133FAE7, STM32MP133FAF7, STM32MP133FAG7, STM32MP135AAE3, STM32MP135AAF3, STM32MP135AAG3, STM32MP135CAE3, STM32MP135CAF3, STM32MP135CAG3, STM32MP135DAE7, STM32MP135DAF7, STM32MP135DAG7, STM32MP135F-DK, STM32MP135FAE7, STM32MP135FAF7, STM32MP135FAG7, STM32U595ZJT6Q, STM32U599BJY6QTR, STM32U599NIH6Q, STM32U599NJH6Q, STM32U5A5ZJT6Q, STM32U5A9BJY6QTR, STM32U5A9NJH6Q, STM32WB1MMCH6]
2022-11-07 13:57:28,972 [INFO] DbMcus:215 - Found 3542 MCUs, 3542 are supported
2022-11-07 13:57:28,972 [INFO] ApiDb:418 - Load user favorites file C:\Users\Giuseppe/.stm32cubeide/favorites.mcus.txt: 0 item(s)
2022-11-07 13:57:28,972 [INFO] ApiDb:422 - User favorites MCUs=[]
2022-11-07 13:57:28,972 [INFO] DbMcus:221 - Set 0 / 0 favorites MCUs
2022-11-07 13:57:29,093 [WARN] ThirdParty:789 - waiting for thirdparty lock release [change project]
2022-11-07 13:57:29,093 [INFO] ThirdParty:791 - entering critical section [change project]
2022-11-07 13:57:29,103 [INFO] ThirdParty:981 - CMSIS Pack Vendor :STMicroelectronics X-CUBE-ISPU 1.1.0
2022-11-07 13:57:29,103 [INFO] ThirdParty:981 - CMSIS Pack Vendor :RoweBots I-CUBE-UNISONRTOS 5.5.0-4
2022-11-07 13:57:29,103 [INFO] ThirdParty:981 - CMSIS Pack Vendor :STMicroelectronics X-CUBE-GNSS1 6.0.0
2022-11-07 13:57:29,103 [INFO] ThirdParty:981 - CMSIS Pack Vendor :STMicroelectronics X-CUBE-AZRTOS-H7 2.1.0
2022-11-07 13:57:29,103 [INFO] ThirdParty:981 - CMSIS Pack Vendor :STMicroelectronics USB_HOST 2.0.0
2022-11-07 13:57:29,103 [INFO] ThirdParty:981 - CMSIS Pack Vendor :STMicroelectronics X-CUBE-AZRTOS-F4 1.1.0
2022-11-07 13:57:29,103 [INFO] ThirdParty:981 - CMSIS Pack Vendor :STMicroelectronics LIBJPEG 8.0.0
2022-11-07 13:57:29,103 [INFO] ThirdParty:981 - CMSIS Pack Vendor :STMicroelectronics USB_DEVICE 3.0.0
2022-11-07 13:57:29,103 [INFO] ThirdParty:981 - CMSIS Pack Vendor :STMicroelectronics X-CUBE-BLEMGR 1.0.0
2022-11-07 13:57:29,103 [INFO] ThirdParty:981 - CMSIS Pack Vendor :STMicroelectronics X-CUBE-BLEMGR 1.2.0
2022-11-07 13:57:29,103 [INFO] ThirdParty:981 - CMSIS Pack Vendor :STMicroelectronics X-CUBE-AZRTOS-F7 1.1.0
2022-11-07 13:57:29,103 [INFO] ThirdParty:981 - CMSIS Pack Vendor :STMicroelectronics USB_DEVICE 2.0.0
2022-11-07 13:57:29,103 [INFO] ThirdParty:981 - CMSIS Pack Vendor :STMicroelectronics X-CUBE-AI 7.3.0
2022-11-07 13:57:29,103 [INFO] ThirdParty:981 - CMSIS Pack Vendor :STMicroelectronics X-CUBE-BLE1 6.2.3
2022-11-07 13:57:29,103 [INFO] ThirdParty:981 - CMSIS Pack Vendor :STMicroelectronics X-CUBE-ALGOBUILD 1.3.0
2022-11-07 13:57:29,103 [INFO] ThirdParty:981 - CMSIS Pack Vendor :STMicroelectronics FreeRTOS 0.0.1
2022-11-07 13:57:29,103 [INFO] ThirdParty:981 - CMSIS Pack Vendor :STMicroelectronics X-CUBE-AZRTOS-G0 1.1.0
2022-11-07 13:57:29,103 [INFO] ThirdParty:981 - CMSIS Pack Vendor :STMicroelectronics X-CUBE-SUBG2 5.0.0
2022-11-07 13:57:29,103 [INFO] ThirdParty:981 - CMSIS Pack Vendor :SEGGER I-CUBE-embOS 1.2.0
2022-11-07 13:57:29,103 [INFO] ThirdParty:981 - CMSIS Pack Vendor :STMicroelectronics STM32_WPAN 1.0.0
2022-11-07 13:57:29,103 [INFO] ThirdParty:981 - CMSIS Pack Vendor :STMicroelectronics lwIP 2.0.3
2022-11-07 13:57:29,103 [INFO] ThirdParty:981 - CMSIS Pack Vendor :STMicroelectronics X-CUBE-NFC4 2.0.4
2022-11-07 13:57:29,103 [INFO] ThirdParty:981 - CMSIS Pack Vendor :STMicroelectronics USB_HOST 1.0.0
2022-11-07 13:57:29,103 [INFO] ThirdParty:981 - CMSIS Pack Vendor :STMicroelectronics PDM2PCM 3.1.0
2022-11-07 13:57:29,103 [INFO] ThirdParty:981 - CMSIS Pack Vendor :STMicroelectronics FP-ATR-ASTRA1 1.1.1
2022-11-07 13:57:29,103 [INFO] ThirdParty:981 - CMSIS Pack Vendor :STMicroelectronics PDM2PCM 3.3.0
2022-11-07 13:57:29,103 [INFO] ThirdParty:981 - CMSIS Pack Vendor :STMicroelectronics X-CUBE-TOF1 3.1.0
2022-11-07 13:57:29,103 [INFO] ThirdParty:981 - CMSIS Pack Vendor :STMicroelectronics X-CUBE-AZRTOS-G4 1.0.0
2022-11-07 13:57:29,103 [INFO] ThirdParty:981 - CMSIS Pack Vendor :STMicroelectronics FP-ATR-SIGFOX1 3.2.0
2022-11-07 13:57:29,103 [INFO] ThirdParty:981 - CMSIS Pack Vendor :STMicroelectronics X-CUBE-AZRTOS-L4 1.0.0
2022-11-07 13:57:29,103 [INFO] ThirdParty:981 - CMSIS Pack Vendor :wolfSSL I-CUBE-wolfSSL 5.5.0
2022-11-07 13:57:29,103 [INFO] ThirdParty:981 - CMSIS Pack Vendor :STMicroelectronics HAL Drivers 0.0.0
2022-11-07 13:57:29,103 [INFO] ThirdParty:981 - CMSIS Pack Vendor :STMicroelectronics MBEDTLS 2.16.2
2022-11-07 13:57:29,103 [INFO] ThirdParty:981 - CMSIS Pack Vendor :emotas I-CUBE-CANOPEN 1.1.2
2022-11-07 13:57:29,103 [INFO] ThirdParty:981 - CMSIS Pack Vendor :STMicroelectronics X-CUBE-TOUCHGFX 4.20.0
2022-11-07 13:57:29,103 [INFO] ThirdParty:981 - CMSIS Pack Vendor :STMicroelectronics MBEDTLS 2.14.1
2022-11-07 13:57:29,103 [INFO] ThirdParty:981 - CMSIS Pack Vendor :STMicroelectronics X-CUBE-NFC7 1.0.0
2022-11-07 13:57:29,103 [INFO] ThirdParty:981 - CMSIS Pack Vendor :STMicroelectronics X-CUBE-AZRTOS-WL 1.0.0
2022-11-07 13:57:29,103 [INFO] ThirdParty:981 - CMSIS Pack Vendor :STMicroelectronics X-CUBE-MEMS1 9.3.0
2022-11-07 13:57:29,103 [INFO] ThirdParty:981 - CMSIS Pack Vendor :portGmbH I-Cube-SoM-uGOAL 1.1.0
2022-11-07 13:57:29,103 [INFO] ThirdParty:981 - CMSIS Pack Vendor :STMicroelectronics X-CUBE-ALS 1.0.1
2022-11-07 13:57:29,103 [INFO] ThirdParty:981 - CMSIS Pack Vendor :STMicroelectronics X-CUBE-AI 7.2.0
2022-11-07 13:57:29,103 [INFO] ThirdParty:981 - CMSIS Pack Vendor :STMicroelectronics ThreadX 1.0.0
2022-11-07 13:57:29,103 [INFO] ThirdParty:981 - CMSIS Pack Vendor :STMicroelectronics X-CUBE-AZRTOS-L5 1.0.0
2022-11-07 13:57:29,103 [INFO] ThirdParty:981 - CMSIS Pack Vendor :STMicroelectronics USB_DEVICE 1.0.0
2022-11-07 13:57:29,103 [INFO] ThirdParty:981 - CMSIS Pack Vendor :STMicroelectronics X-CUBE-EEPRMA1 3.1.1
2022-11-07 13:57:29,103 [INFO] ThirdParty:981 - CMSIS Pack Vendor :STMicroelectronics ThreadX 0.0.2
2022-11-07 13:57:29,103 [INFO] ThirdParty:981 - CMSIS Pack Vendor :STMicroelectronics lwIP 2.1.2
2022-11-07 13:57:29,103 [INFO] ThirdParty:981 - CMSIS Pack Vendor :STMicroelectronics X-CUBE-SFXS2LP1 4.0.0
2022-11-07 13:57:29,103 [INFO] ThirdParty:981 - CMSIS Pack Vendor :STMicroelectronics X-CUBE-BLE2 3.3.0
2022-11-07 13:57:29,103 [INFO] ThirdParty:981 - CMSIS Pack Vendor :STMicroelectronics X-CUBE-DISPLAY 2.2.0
2022-11-07 13:57:29,103 [INFO] ThirdParty:981 - CMSIS Pack Vendor :STMicroelectronics X-CUBE-TOF1 3.2.0
2022-11-07 13:57:29,103 [INFO] ThirdParty:981 - CMSIS Pack Vendor :STMicroelectronics PDM2PCM 3.2.0
2022-11-07 13:57:29,103 [INFO] ThirdParty:981 - CMSIS Pack Vendor :STMicroelectronics X-CUBE-ISPU 1.0.0
2022-11-07 13:57:29,103 [INFO] ThirdParty:797 - exiting critical section [change project]
2022-11-07 13:57:30,295 [INFO] PinOutPanel:1468 - setPackage(No Configuration,No Configuration)
2022-11-07 13:57:30,295 [INFO] PinOutPanel:1468 - setPackage(STM32G431RBTx,LQFP64)
2022-11-07 13:57:31,247 [INFO] UtilMem:74 - Before build in PCC Used Memory: 302952096 Bytes (641728512)
2022-11-07 13:57:32,951 [INFO] UtilMem:74 - After build in PCC Used Memory: 243238400 Bytes (641728512)
2022-11-07 13:57:33,002 [INFO] IPUIPlugin:79 - create IPUIPlugin
2022-11-07 13:57:33,002 [INFO] IPUIPlugin:79 - create IPUIPlugin
2022-11-07 13:57:33,002 [INFO] IPUIPlugin:79 - create IPUIPlugin
2022-11-07 13:57:33,002 [INFO] IPUIPlugin:79 - create IPUIPlugin
2022-11-07 13:57:33,002 [INFO] IPUIPlugin:79 - create IPUIPlugin
2022-11-07 13:57:33,002 [INFO] IPUIPlugin:79 - create IPUIPlugin
2022-11-07 13:57:33,002 [INFO] IPUIPlugin:79 - create IPUIPlugin
2022-11-07 13:57:33,002 [INFO] IPUIPlugin:79 - create IPUIPlugin
2022-11-07 13:57:33,002 [INFO] IPUIPlugin:79 - create IPUIPlugin
2022-11-07 13:57:33,002 [INFO] IPUIPlugin:79 - create IPUIPlugin
2022-11-07 13:57:33,002 [INFO] IPUIPlugin:79 - create IPUIPlugin
2022-11-07 13:57:33,002 [INFO] IPUIPlugin:79 - create IPUIPlugin
2022-11-07 13:57:33,002 [INFO] IPUIPlugin:79 - create IPUIPlugin
2022-11-07 13:57:33,002 [INFO] IPUIPlugin:79 - create IPUIPlugin
2022-11-07 13:57:33,012 [INFO] IPUIPlugin:79 - create IPUIPlugin
2022-11-07 13:57:33,012 [INFO] IPUIPlugin:79 - create IPUIPlugin
2022-11-07 13:57:33,012 [INFO] IPUIPlugin:79 - create IPUIPlugin
2022-11-07 13:57:33,012 [INFO] IPUIPlugin:79 - create IPUIPlugin
2022-11-07 13:57:33,012 [INFO] IPUIPlugin:79 - create IPUIPlugin
2022-11-07 13:57:33,012 [INFO] IPUIPlugin:79 - create IPUIPlugin
2022-11-07 13:57:33,012 [INFO] IPUIPlugin:79 - create IPUIPlugin
2022-11-07 13:57:33,012 [INFO] IPUIPlugin:79 - create IPUIPlugin
2022-11-07 13:57:33,012 [INFO] IPUIPlugin:79 - create IPUIPlugin
2022-11-07 13:57:33,012 [INFO] IPUIPlugin:79 - create IPUIPlugin
2022-11-07 13:57:33,012 [INFO] IPUIPlugin:79 - create IPUIPlugin
2022-11-07 13:57:33,012 [INFO] IPUIPlugin:79 - create IPUIPlugin
2022-11-07 13:57:33,012 [INFO] IPUIPlugin:79 - create IPUIPlugin
2022-11-07 13:57:33,012 [INFO] IPUIPlugin:79 - create IPUIPlugin
2022-11-07 13:57:33,012 [INFO] IPUIPlugin:79 - create IPUIPlugin
2022-11-07 13:57:33,012 [INFO] IPUIPlugin:79 - create IPUIPlugin
2022-11-07 13:57:33,012 [INFO] IPUIPlugin:79 - create IPUIPlugin
2022-11-07 13:57:33,012 [INFO] IPUIPlugin:79 - create IPUIPlugin
2022-11-07 13:57:33,012 [INFO] IPUIPlugin:79 - create IPUIPlugin
2022-11-07 13:57:33,012 [INFO] IPUIPlugin:79 - create IPUIPlugin
2022-11-07 13:57:33,012 [INFO] IPUIPlugin:79 - create IPUIPlugin
2022-11-07 13:57:33,012 [INFO] IPUIPlugin:79 - create IPUIPlugin
2022-11-07 13:57:33,012 [INFO] IPUIPlugin:79 - create IPUIPlugin
2022-11-07 13:57:33,012 [INFO] IPUIPlugin:79 - create IPUIPlugin
2022-11-07 13:57:33,012 [INFO] IPUIPlugin:79 - create IPUIPlugin
2022-11-07 13:57:33,012 [INFO] IPUIPlugin:79 - create IPUIPlugin
2022-11-07 13:57:33,012 [INFO] IPUIPlugin:79 - create IPUIPlugin
2022-11-07 13:57:33,012 [INFO] IPUIPlugin:79 - create IPUIPlugin
2022-11-07 13:57:33,012 [INFO] IPUIPlugin:79 - create IPUIPlugin
2022-11-07 13:57:33,012 [INFO] IPUIPlugin:79 - create IPUIPlugin
2022-11-07 13:57:33,012 [INFO] IPUIPlugin:79 - create IPUIPlugin
2022-11-07 13:57:33,012 [INFO] IPUIPlugin:79 - create IPUIPlugin
2022-11-07 13:57:33,012 [INFO] IPUIPlugin:79 - create IPUIPlugin
2022-11-07 13:57:33,012 [INFO] IPUIPlugin:79 - create IPUIPlugin
2022-11-07 13:57:33,022 [INFO] IPUIPlugin:79 - create IPUIPlugin
2022-11-07 13:57:33,022 [INFO] IPUIPlugin:79 - create IPUIPlugin
2022-11-07 13:57:33,022 [INFO] IPUIPlugin:79 - create IPUIPlugin
2022-11-07 13:57:33,022 [INFO] IPUIPlugin:79 - create IPUIPlugin
2022-11-07 13:57:33,022 [INFO] IPUIPlugin:79 - create IPUIPlugin
2022-11-07 13:57:33,022 [INFO] IPUIPlugin:79 - create IPUIPlugin
2022-11-07 13:57:33,022 [INFO] IPUIPlugin:79 - create IPUIPlugin
2022-11-07 13:57:33,022 [INFO] IPUIPlugin:79 - create IPUIPlugin
2022-11-07 13:57:33,022 [INFO] IPUIPlugin:79 - create IPUIPlugin
2022-11-07 13:57:33,022 [INFO] IPUIPlugin:79 - create IPUIPlugin
2022-11-07 13:57:33,401 [INFO] OpenFileManager:327 - Restore cursor
